<?xml version="1.0" encoding="UTF-8"?>
<!-- Generated by org.testng.reporters.JUnitReportReporter -->
<testsuite hostname="DELL-SHUBHAM" name="com.crm.qa.testcases.LogInPageTest" tests="2" failures="0" timestamp="29 Dec 2019 17:42:19 GMT" time="40.149" errors="0">
  <testcase name="validateTitleText" time="14.507" classname="com.crm.qa.testcases.LogInPageTest"/>
  <testcase name="loginTest" time="25.642" classname="com.crm.qa.testcases.LogInPageTest"/>
</testsuite> <!-- com.crm.qa.testcases.LogInPageTest -->
