<?xml version="1.0" encoding="UTF-8"?>
<!-- Generated by org.testng.reporters.JUnitReportReporter -->
<testsuite hostname="DELL-SHUBHAM" name="com.crm.qa.testcases.HomePageTest" tests="4" failures="0" timestamp="29 Dec 2019 17:42:19 GMT" time="100.268" errors="0">
  <testcase name="contactsLinkClickTest" time="24.904" classname="com.crm.qa.testcases.HomePageTest"/>
  <testcase name="dealLinkClickTest" time="25.827" classname="com.crm.qa.testcases.HomePageTest"/>
  <testcase name="verifyUserNameLabelTest" time="25.483" classname="com.crm.qa.testcases.HomePageTest"/>
  <testcase name="taskLinkClickTtest" time="24.054" classname="com.crm.qa.testcases.HomePageTest"/>
</testsuite> <!-- com.crm.qa.testcases.HomePageTest -->
